Determining if the pthread_create exist failed with the following output:
Change Dir: /home/ubuntu/catkin_ws_trobo/build/CMakeFiles/CMakeTmp

Run Build Command:/usr/bin/make "cmTryCompileExec3690891477/fast"
/usr/bin/make -f CMakeFiles/cmTryCompileExec3690891477.dir/build.make CMakeFiles/cmTryCompileExec3690891477.dir/build
make[1]: ディレクトリ `/home/ubuntu/catkin_ws_trobo/build/CMakeFiles/CMakeTmp' に入ります
/usr/bin/cmake -E cmake_progress_report /home/ubuntu/catkin_ws_trobo/build/CMakeFiles/CMakeTmp/CMakeFiles 1
Building C object CMakeFiles/cmTryCompileExec3690891477.dir/CheckSymbolExists.c.o
/usr/bin/cc    -o CMakeFiles/cmTryCompileExec3690891477.dir/CheckSymbolExists.c.o   -c /home/ubuntu/catkin_ws_trobo/build/CMakeFiles/CMakeTmp/CheckSymbolExists.c
Linking C executable cmTryCompileExec3690891477
/usr/bin/cmake -E cmake_link_script CMakeFiles/cmTryCompileExec3690891477.dir/link.txt --verbose=1
/usr/bin/cc       CMakeFiles/cmTryCompileExec3690891477.dir/CheckSymbolExists.c.o  -o cmTryCompileExec3690891477 -rdynamic 
CMakeFiles/cmTryCompileExec3690891477.dir/CheckSymbolExists.c.o: 関数 `main' 内:
CheckSymbolExists.c:(.text+0x16): `pthread_create' に対する定義されていない参照です
collect2: error: ld returned 1 exit status
make[1]: ディレクトリ `/home/ubuntu/catkin_ws_trobo/build/CMakeFiles/CMakeTmp' から出ます
make[1]: *** [cmTryCompileExec3690891477] エラー 1
make: *** [cmTryCompileExec3690891477/fast] エラー 2

File /home/ubuntu/catkin_ws_trobo/build/CMakeFiles/CMakeTmp/CheckSymbolExists.c:
/* */
#include <pthread.h>

int main(int argc, char** argv)
{
  (void)argv;
#ifndef pthread_create
  return ((int*)(&pthread_create))[argc];
#else
  (void)argc;
  return 0;
#endif
}

Determining if the function pthread_create exists in the pthreads failed with the following output:
Change Dir: /home/ubuntu/catkin_ws_trobo/build/CMakeFiles/CMakeTmp

Run Build Command:/usr/bin/make "cmTryCompileExec641715039/fast"
/usr/bin/make -f CMakeFiles/cmTryCompileExec641715039.dir/build.make CMakeFiles/cmTryCompileExec641715039.dir/build
make[1]: ディレクトリ `/home/ubuntu/catkin_ws_trobo/build/CMakeFiles/CMakeTmp' に入ります
/usr/bin/cmake -E cmake_progress_report /home/ubuntu/catkin_ws_trobo/build/CMakeFiles/CMakeTmp/CMakeFiles 1
Building C object CMakeFiles/cmTryCompileExec641715039.dir/CheckFunctionExists.c.o
/usr/bin/cc   -DCHECK_FUNCTION_EXISTS=pthread_create   -o CMakeFiles/cmTryCompileExec641715039.dir/CheckFunctionExists.c.o   -c /usr/share/cmake-2.8/Modules/CheckFunctionExists.c
Linking C executable cmTryCompileExec641715039
/usr/bin/cmake -E cmake_link_script CMakeFiles/cmTryCompileExec641715039.dir/link.txt --verbose=1
/usr/bin/cc   -DCHECK_FUNCTION_EXISTS=pthread_create    CMakeFiles/cmTryCompileExec641715039.dir/CheckFunctionExists.c.o  -o cmTryCompileExec641715039 -rdynamic -lpthreads 
/usr/bin/ld: -lpthreads が見つかりません
collect2: error: ld returned 1 exit status
make[1]: *** [cmTryCompileExec641715039] エラー 1
make[1]: ディレクトリ `/home/ubuntu/catkin_ws_trobo/build/CMakeFiles/CMakeTmp' から出ます
make: *** [cmTryCompileExec641715039/fast] エラー 2


